# JRE version: OpenJDK Runtime Environment (8.0_152-b01) (build 1.8.0_152-release-884-b01)
# Java VM: OpenJDK 64-Bit Server VM (25.152-b01 mixed mode windows-amd64 compressed oops)
Heap:
 PSYoungGen      total 83968K, used 9890K [0x00000000e0000000, 0x00000000e6b80000, 0x0000000100000000)
  eden space 70656K, 13% used [0x00000000e0000000,0x00000000e09a8b90,0x00000000e4500000)
  from space 13312K, 0% used [0x00000000e4500000,0x00000000e4500000,0x00000000e5200000)
  to   space 11776K, 0% used [0x00000000e6000000,0x00000000e6000000,0x00000000e6b80000)
 ParOldGen       total 54784K, used 27610K [0x00000000a0000000, 0x00000000a3580000, 0x00000000e0000000)
  object space 54784K, 50% used [0x00000000a0000000,0x00000000a1af6888,0x00000000a3580000)
 Metaspace       used 40205K, capacity 40828K, committed 41304K, reserved 1085440K
  class space    used 5060K, capacity 5226K, committed 5248K, reserved 1048576K
GC Heap History (10 events):
Event: 12.034 GC heap before
{Heap before GC invocations=22 (full 3):
 PSYoungGen      total 78336K, used 70784K [0x00000000e0000000, 0x00000000e6f00000, 0x0000000100000000)
  eden space 70656K, 100% used [0x00000000e0000000,0x00000000e4500000,0x00000000e4500000)
  from space 7680K, 1% used [0x00000000e5200000,0x00000000e5220000,0x00000000e5980000)
  to   space 13312K, 0% used [0x00000000e4500000,0x00000000e4500000,0x00000000e5200000)
 ParOldGen       total 54784K, used 31621K [0x00000000a0000000, 0x00000000a3580000, 0x00000000e0000000)
  object space 54784K, 57% used [0x00000000a0000000,0x00000000a1ee14d0,0x00000000a3580000)
 Metaspace       used 38456K, capacity 39136K, committed 39640K, reserved 1083392K
  class space    used 4841K, capacity 5010K, committed 5120K, reserved 1048576K
Event: 12.037 GC heap after
Heap after GC invocations=22 (full 3):
 PSYoungGen      total 83968K, used 1280K [0x00000000e0000000, 0x00000000e6f00000, 0x0000000100000000)
  eden space 70656K, 0% used [0x00000000e0000000,0x00000000e0000000,0x00000000e4500000)
  from space 13312K, 9% used [0x00000000e4500000,0x00000000e4640000,0x00000000e5200000)
  to   space 7680K, 0% used [0x00000000e5200000,0x00000000e5200000,0x00000000e5980000)
 ParOldGen       total 54784K, used 31645K [0x00000000a0000000, 0x00000000a3580000, 0x00000000e0000000)
  object space 54784K, 57% used [0x00000000a0000000,0x00000000a1ee74d0,0x00000000a3580000)
 Metaspace       used 38456K, capacity 39136K, committed 39640K, reserved 1083392K
  class space    used 4841K, capacity 5010K, committed 5120K, reserved 1048576K
}
Event: 12.152 GC heap before
{Heap before GC invocations=23 (full 3):
 PSYoungGen      total 83968K, used 66734K [0x00000000e0000000, 0x00000000e6f00000, 0x0000000100000000)
  eden space 70656K, 92% used [0x00000000e0000000,0x00000000e3feb800,0x00000000e4500000)
  from space 13312K, 9% used [0x00000000e4500000,0x00000000e4640000,0x00000000e5200000)
  to   space 7680K, 0% used [0x00000000e5200000,0x00000000e5200000,0x00000000e5980000)
 ParOldGen       total 54784K, used 31645K [0x00000000a0000000, 0x00000000a3580000, 0x00000000e0000000)
  object space 54784K, 57% used [0x00000000a0000000,0x00000000a1ee74d0,0x00000000a3580000)
 Metaspace       used 38782K, capacity 39394K, committed 39640K, reserved 1087488K
  class space    used 4889K, capacity 5051K, committed 5120K, reserved 1048576K
Event: 12.165 GC heap after
Heap after GC invocations=23 (full 3):
 PSYoungGen      total 78336K, used 1192K [0x00000000e0000000, 0x00000000e6f00000, 0x0000000100000000)
  eden space 70656K, 0% used [0x00000000e0000000,0x00000000e0000000,0x00000000e4500000)
  from space 7680K, 15% used [0x00000000e5200000,0x00000000e532a010,0x00000000e5980000)
  to   space 13312K, 0% used [0x00000000e4500000,0x00000000e4500000,0x00000000e5200000)
 ParOldGen       total 54784K, used 32409K [0x00000000a0000000, 0x00000000a3580000, 0x00000000e0000000)
  object space 54784K, 59% used [0x00000000a0000000,0x00000000a1fa64e0,0x00000000a3580000)
 Metaspace       used 38782K, capacity 39394K, committed 39640K, reserved 1087488K
  class space    used 4889K, capacity 5051K, committed 5120K, reserved 1048576K
}
Event: 12.165 GC heap before
{Heap before GC invocations=24 (full 4):
 PSYoungGen      total 78336K, used 1192K [0x00000000e0000000, 0x00000000e6f00000, 0x0000000100000000)
  eden space 70656K, 0% used [0x00000000e0000000,0x00000000e0000000,0x00000000e4500000)
  from space 7680K, 15% used [0x00000000e5200000,0x00000000e532a010,0x00000000e5980000)
  to   space 13312K, 0% used [0x00000000e4500000,0x00000000e4500000,0x00000000e5200000)
 ParOldGen       total 54784K, used 32409K [0x00000000a0000000, 0x00000000a3580000, 0x00000000e0000000)
  object space 54784K, 59% used [0x00000000a0000000,0x00000000a1fa64e0,0x00000000a3580000)
 Metaspace       used 38782K, capacity 39394K, committed 39640K, reserved 1087488K
  class space    used 4889K, capacity 5051K, committed 5120K, reserved 1048576K
Event: 12.297 GC heap after
Heap after GC invocations=24 (full 4):
 PSYoungGen      total 78336K, used 0K [0x00000000e0000000, 0x00000000e6f00000, 0x0000000100000000)
  eden space 70656K, 0% used [0x00000000e0000000,0x00000000e0000000,0x00000000e4500000)
  from space 7680K, 0% used [0x00000000e5200000,0x00000000e5200000,0x00000000e5980000)
  to   space 13312K, 0% used [0x00000000e4500000,0x00000000e4500000,0x00000000e5200000)
 ParOldGen       total 54784K, used 29838K [0x00000000a0000000, 0x00000000a3580000, 0x00000000e0000000)
  object space 54784K, 54% used [0x00000000a0000000,0x00000000a1d23b88,0x00000000a3580000)
 Metaspace       used 38782K, capacity 39394K, committed 39640K, reserved 1085440K
  class space    used 4889K, capacity 5051K, committed 5120K, reserved 1048576K
}
Event: 12.297 GC heap before
{Heap before GC invocations=25 (full 4):
 PSYoungGen      total 78336K, used 0K [0x00000000e0000000, 0x00000000e6f00000, 0x0000000100000000)
  eden space 70656K, 0% used [0x00000000e0000000,0x00000000e0000000,0x00000000e4500000)
  from space 7680K, 0% used [0x00000000e5200000,0x00000000e5200000,0x00000000e5980000)
  to   space 13312K, 0% used [0x00000000e4500000,0x00000000e4500000,0x00000000e5200000)
 ParOldGen       total 54784K, used 29838K [0x00000000a0000000, 0x00000000a3580000, 0x00000000e0000000)
  object space 54784K, 54% used [0x00000000a0000000,0x00000000a1d23b88,0x00000000a3580000)
 Metaspace       used 38782K, capacity 39394K, committed 39640K, reserved 1089536K
  class space    used 4889K, capacity 5051K, committed 5120K, reserved 1048576K
Event: 12.298 GC heap after
Heap after GC invocations=25 (full 4):
 PSYoungGen      total 83968K, used 0K [0x00000000e0000000, 0x00000000e6b80000, 0x0000000100000000)
  eden space 70656K, 0% used [0x00000000e0000000,0x00000000e0000000,0x00000000e4500000)
  from space 13312K, 0% used [0x00000000e4500000,0x00000000e4500000,0x00000000e5200000)
  to   space 11776K, 0% used [0x00000000e6000000,0x00000000e6000000,0x00000000e6b80000)
 ParOldGen       total 54784K, used 29838K [0x00000000a0000000, 0x00000000a3580000, 0x00000000e0000000)
  object space 54784K, 54% used [0x00000000a0000000,0x00000000a1d23b88,0x00000000a3580000)
 Metaspace       used 38782K, capacity 39394K, committed 39640K, reserved 1089536K
  class space    used 4889K, capacity 5051K, committed 5120K, reserved 1048576K
}
Event: 12.298 GC heap before
{Heap before GC invocations=26 (full 5):
 PSYoungGen      total 83968K, used 0K [0x00000000e0000000, 0x00000000e6b80000, 0x0000000100000000)
  eden space 70656K, 0% used [0x00000000e0000000,0x00000000e0000000,0x00000000e4500000)
  from space 13312K, 0% used [0x00000000e4500000,0x00000000e4500000,0x00000000e5200000)
  to   space 11776K, 0% used [0x00000000e6000000,0x00000000e6000000,0x00000000e6b80000)
 ParOldGen       total 54784K, used 29838K [0x00000000a0000000, 0x00000000a3580000, 0x00000000e0000000)
  object space 54784K, 54% used [0x00000000a0000000,0x00000000a1d23b88,0x00000000a3580000)
 Metaspace       used 38782K, capacity 39394K, committed 39640K, reserved 1089536K
  class space    used 4889K, capacity 5051K, committed 5120K, reserved 1048576K
Event: 12.474 GC heap after
Heap after GC invocations=26 (full 5):
 PSYoungGen      total 83968K, used 0K [0x00000000e0000000, 0x00000000e6b80000, 0x0000000100000000)
  eden space 70656K, 0% used [0x00000000e0000000,0x00000000e0000000,0x00000000e4500000)
  from space 13312K, 0% used [0x00000000e4500000,0x00000000e4500000,0x00000000e5200000)
  to   space 11776K, 0% used [0x00000000e6000000,0x00000000e6000000,0x00000000e6b80000)
 ParOldGen       total 54784K, used 27610K [0x00000000a0000000, 0x00000000a3580000, 0x00000000e0000000)
  object space 54784K, 50% used [0x00000000a0000000,0x00000000a1af6888,0x00000000a3580000)
 Metaspace       used 38706K, capacity 39270K, committed 39640K, reserved 1085440K
  class space    used 4875K, capacity 5025K, committed 5120K, reserved 1048576K
}

